#
# A fatal error has been detected by the Java Runtime Environment:
#
#  SIGFPE (0x8) at pc=0x00000001177a3168, pid=78717, tid=86275
#
# JRE version: OpenJDK Runtime Environment (15.0.2+7) (build 15.0.2+7-27)
# Java VM: OpenJDK 64-Bit Server VM (15.0.2+7-27, mixed mode, sharing, tiered, compressed oops, g1 gc, bsd-amd64)
# Problematic frame:
# j  org.matxt.Video.Presets.LaTeXWritter.write(IIILorg/matxt/Image/Image;)V+7
#
# No core dump will be written. Core dumps have been disabled. To enable core dumping, try "ulimit -c unlimited" before starting Java again
#
# If you would like to submit a bug report, please visit:
#   https://bugreport.java.com/bugreport/crash.jsp
#

---------------  S U M M A R Y ------------

Command Line: -javaagent:/Applications/IntelliJ IDEA CE.app/Contents/lib/idea_rt.jar=61170:/Applications/IntelliJ IDEA CE.app/Contents/bin -Dfile.encoding=UTF-8 Main

Host: MacBookAir10,1 x86_64 2400 MHz, 8 cores, 16G, Darwin 20.1.0
Time: Sun Jul 18 20:52:14 2021 CEST elapsed time: 0.757708 seconds (0d 0h 0m 0s)

---------------  T H R E A D  ---------------

Current thread (0x00007fea21946a00):  JavaThread "Thread-4" [_thread_in_Java, id=86275, stack(0x0000000306f52000,0x0000000307052000)]

Stack: [0x0000000306f52000,0x0000000307052000],  sp=0x00000003070518b8,  free space=1022k
Native frames: (J=compiled Java code, A=aot compiled Java code, j=interpreted, Vv=VM code, C=native code)
j  org.matxt.Video.Presets.LaTeXWritter.write(IIILorg/matxt/Image/Image;)V+7
j  org.matxt.Video.Video.lambda$write$0(I[I[I[Lorg/jcodec/common/model/Picture;I)V+77
j  org.matxt.Video.Video$$Lambda$31+0x0000000800bac1b0.apply(I)V+21
j  org.jml.MT.TaskIterator.lambda$run$1(Ljava/util/concurrent/atomic/AtomicInteger;)V+23
j  org.jml.MT.TaskIterator$$Lambda$33+0x0000000800bacd48.run()V+8
j  java.lang.Thread.run()V+11 java.base@15.0.2
v  ~StubRoutines::call_stub
V  [libjvm.dylib+0x4ae582]  JavaCalls::call_helper(JavaValue*, methodHandle const&, JavaCallArguments*, Thread*)+0x2e2
V  [libjvm.dylib+0x4ad469]  JavaCalls::call_virtual(JavaValue*, Klass*, Symbol*, Symbol*, JavaCallArguments*, Thread*)+0x1e9
V  [libjvm.dylib+0x4ad533]  JavaCalls::call_virtual(JavaValue*, Handle, Klass*, Symbol*, Symbol*, Thread*)+0x63
V  [libjvm.dylib+0x558f80]  thread_entry(JavaThread*, Thread*)+0xb0
V  [libjvm.dylib+0x99ae92]  JavaThread::thread_main_inner()+0xb2
V  [libjvm.dylib+0x997fa1]  Thread::call_run()+0x71
V  [libjvm.dylib+0x82a037]  thread_native_entry(Thread*)+0x197
C  [libsystem_pthread.dylib+0x6950]  _pthread_start+0xe0
C  [libsystem_pthread.dylib+0x247b]  thread_start+0xf


siginfo: si_signo: 8 (SIGFPE), si_code: 5 (FPE_FLTINV), si_addr: 0x00000001177a3168

Register to memory mapping:

RAX=0x0 is NULL
RBX=0x000000000000006c is an unknown value
RCX=0x0 is NULL
RDX=0x0 is NULL
RSP=0x00000003070518b8 is pointing into the stack for thread: 0x00007fea21946a00
RBP=0x0000000307051900 is pointing into the stack for thread: 0x00007fea21946a00
RSI=0x000000070f19de28 is an oop: java.util.ArrayList 
{0x000000070f19de28} - klass: 'java/util/ArrayList'
RDI=0x0 is NULL
R8 =0x0000000000000030 is an unknown value
R9 =0x0000000000000010 is an unknown value
R10=0x000000010dc4b9c0: _ZN19TemplateInterpreter13_active_tableE+0x2000 in /Users/Adebas/Library/Java/JavaVirtualMachines/openjdk-15.0.2/Contents/Home/lib/server/libjvm.dylib at 0x000000010d000000
R11=0x000000011f268dc0 is at entry_point+32 in (nmethod*)0x000000011f268c10
R12=0x0 is NULL
R13=0x000000013251e6ae is pointing into metadata
R14=0x0000000307051948 is pointing into the stack for thread: 0x00007fea21946a00
R15=0x00007fea21946a00 is a thread


Registers:
RAX=0x0000000000000000, RBX=0x000000000000006c, RCX=0x0000000000000000, RDX=0x0000000000000000
RSP=0x00000003070518b8, RBP=0x0000000307051900, RSI=0x000000070f19de28, RDI=0x0000000000000000
R8 =0x0000000000000030, R9 =0x0000000000000010, R10=0x000000010dc4b9c0, R11=0x000000011f268dc0
R12=0x0000000000000000, R13=0x000000013251e6ae, R14=0x0000000307051948, R15=0x00007fea21946a00
RIP=0x00000001177a3168, EFLAGS=0x0000000000000a87, ERR=0x0000000000000000
  TRAPNO=0x0000000000000000

Top of Stack: (sp=0x00000003070518b8)
0x00000003070518b8:   00000003070518b8 000000013251e6a7
0x00000003070518c8:   0000000307051948 000000013251f538
0x00000003070518d8:   0000000000000000 000000070f162b50
0x00000003070518e8:   000000013251e770 0000000000000000
0x00000003070518f8:   0000000307051928 0000000307051998
0x0000000307051908:   0000000117798eea 0000000000000000
0x0000000307051918:   0000000000000000 0000000000000000
0x0000000307051928:   000000070efc31f8 000000000000003c
0x0000000307051938:   000000000000003c 0000000000000000
0x0000000307051948:   000000070f162c78 0000000307051950
0x0000000307051958:   0000000132480cf5 00000003070519f0
0x0000000307051968:   000000013251d9a8 0000000000000000
0x0000000307051978:   000000070ffb7808 0000000132480da8
0x0000000307051988:   0000000307051928 00000003070519c8
0x0000000307051998:   0000000307051a40 0000000117798eea
0x00000003070519a8:   000000000000003c 0000000000000000
0x00000003070519b8:   0000000000000000 000000070efc31f8
0x00000003070519c8:   000000000000003c 000000070f1aaee8
0x00000003070519d8:   000000070f19e200 000000070f19e1e8
0x00000003070519e8:   0000000000000001 000000070f15f108
0x00000003070519f8:   00000003070519f8 00000001325249e5
0x0000000307051a08:   0000000307051a58 0000000132524a70
0x0000000307051a18:   0000000000000000 000000070f1ba710
0x0000000307051a28:   00000001325249f0 00000003070519c8
0x0000000307051a38:   0000000307051a50 0000000307051aa8
0x0000000307051a48:   0000000117798f2f 0000000000000005
0x0000000307051a58:   000000070f1c6778 0000000307051a60
0x0000000307051a68:   0000000132524077 0000000307051ac8
0x0000000307051a78:   0000000132524240 0000000000000000
0x0000000307051a88:   000000070f1b0d90 00000001325240b0
0x0000000307051a98:   0000000307051a50 0000000307051ac0
0x0000000307051aa8:   0000000307051b18 0000000117798eea 

Instructions: (pc=0x00000001177a3168)
0x00000001177a3068:   84 be a7 0d 01 00 00 00 6a 00 00 00 00 00 00 00
0x00000001177a3078:   00 00 00 00 00 00 00 00 f3 0f 10 04 24 48 83 c4
0x00000001177a3088:   08 f3 0f 59 04 24 48 83 c4 08 41 0f b6 5d 01 49
0x00000001177a3098:   ff c5 49 ba c0 c9 c4 0d 01 00 00 00 41 ff 24 da
0x00000001177a30a8:   00 00 00 00 00 00 00 00 00 00 00 00 00 00 00 00
0x00000001177a30b8:   00 00 00 00 00 00 00 00 60 00 00 00 00 00 00 00
0x00000001177a30c8:   89 be a7 0d 01 00 00 00 6b 00 00 00 00 00 00 00
0x00000001177a30d8:   00 00 00 00 00 00 00 00 f2 0f 10 04 24 48 83 c4
0x00000001177a30e8:   10 f2 0f 59 04 24 48 83 c4 10 41 0f b6 5d 01 49
0x00000001177a30f8:   ff c5 49 ba c0 d1 c4 0d 01 00 00 00 41 ff 24 da
0x00000001177a3108:   00 00 00 00 00 00 00 00 00 00 00 00 00 00 00 00
0x00000001177a3118:   00 00 00 00 00 00 00 00 60 00 00 00 00 00 00 00
0x00000001177a3128:   8e be a7 0d 01 00 00 00 6c 00 00 00 00 00 00 00
0x00000001177a3138:   00 00 00 00 00 00 00 00 8b 04 24 48 83 c4 08 8b
0x00000001177a3148:   c8 8b 04 24 48 83 c4 08 81 f8 00 00 00 80 0f 85
0x00000001177a3158:   0b 00 00 00 33 d2 83 f9 ff 0f 84 03 00 00 00 99
0x00000001177a3168:   f7 f9 41 0f b6 5d 01 49 ff c5 49 ba c0 b9 c4 0d
0x00000001177a3178:   01 00 00 00 41 ff 24 da 80 00 00 00 00 00 00 00
0x00000001177a3188:   93 be a7 0d 01 00 00 00 6d 00 00 00 00 00 00 00
0x00000001177a3198:   00 00 00 00 00 00 00 00 48 8b 04 24 48 83 c4 10
0x00000001177a31a8:   48 8b c8 48 8b 04 24 48 83 c4 10 48 85 c9 0f 84
0x00000001177a31b8:   73 9a ff ff 48 3b 05 8d 39 35 f6 0f 85 0c 00 00
0x00000001177a31c8:   00 33 d2 48 83 f9 ff 0f 84 05 00 00 00 48 99 48
0x00000001177a31d8:   f7 f9 41 0f b6 5d 01 49 ff c5 49 ba c0 c1 c4 0d
0x00000001177a31e8:   01 00 00 00 41 ff 24 da 00 00 00 00 00 00 00 00
0x00000001177a31f8:   00 00 00 00 00 00 00 00 60 00 00 00 00 00 00 00
0x00000001177a3208:   98 be a7 0d 01 00 00 00 6e 00 00 00 00 00 00 00
0x00000001177a3218:   00 00 00 00 00 00 00 00 f3 0f 10 04 24 48 83 c4
0x00000001177a3228:   08 0f 28 c8 f3 0f 10 04 24 48 83 c4 08 f3 0f 5e
0x00000001177a3238:   c1 41 0f b6 5d 01 49 ff c5 49 ba c0 c9 c4 0d 01
0x00000001177a3248:   00 00 00 41 ff 24 da 90 00 00 00 00 00 00 00 00
0x00000001177a3258:   00 00 00 00 00 00 00 00 60 00 00 00 00 00 00 00 


Stack slot to memory mapping:
stack at sp + 0 slots: 0x00000003070518b8 is pointing into the stack for thread: 0x00007fea21946a00
stack at sp + 1 slots: 0x000000013251e6a7 is pointing into metadata
stack at sp + 2 slots: 0x0000000307051948 is pointing into the stack for thread: 0x00007fea21946a00
stack at sp + 3 slots: 0x000000013251f538 is pointing into metadata
stack at sp + 4 slots: 0x0 is NULL
stack at sp + 5 slots: 0x000000070f162b50 is an oop: java.lang.Class 
{0x000000070f162b50} - klass: 'java/lang/Class'
stack at sp + 6 slots: {method} {0x000000013251e770} 'write' '(IIILorg/matxt/Image/Image;)V' in 'org/matxt/Video/Presets/LaTeXWritter'
stack at sp + 7 slots: 0x0 is NULL

idiv  108 idiv  [0x00000001177a3140, 0x00000001177a3180]  64 bytes
[MachCode]
  0x00000001177a3140: 8b04 2448 | 83c4 088b | c88b 0424 | 4883 c408 | 81f8 0000 | 0080 0f85 | 0b00 0000 | 33d2 83f9 
  0x00000001177a3160: ff0f 8403 | 0000 0099 | f7f9 410f | b65d 0149 | ffc5 49ba | c0b9 c40d | 0100 0000 | 41ff 24da 
[/MachCode]

---------------  P R O C E S S  ---------------

Threads class SMR info:
_java_thread_list=0x00007fea43369db0, length=18, elements={
0x00007fea43808e00, 0x00007fea41037200, 0x00007fea42043a00, 0x00007fea43808600,
0x00007fea43809a00, 0x00007fea4380a000, 0x00007fea4380a600, 0x00007fea4381c400,
0x00007fea4103c000, 0x00007fea2180a400, 0x00007fea21808200, 0x00007fea21944800,
0x00007fea21944e00, 0x00007fea21945400, 0x00007fea21946400, 0x00007fea21946a00,
0x00007fea21042400, 0x00007fea41838800
}

Java Threads: ( => current thread )
  0x00007fea43808e00 JavaThread "main" [_thread_in_Java, id=6147, stack(0x00000003057ff000,0x00000003058ff000)]
  0x00007fea41037200 JavaThread "Reference Handler" daemon [_thread_blocked, id=15107, stack(0x0000000305f14000,0x0000000306014000)]
  0x00007fea42043a00 JavaThread "Finalizer" daemon [_thread_blocked, id=43267, stack(0x0000000306017000,0x0000000306117000)]
  0x00007fea43808600 JavaThread "Signal Dispatcher" daemon [_thread_blocked, id=40451, stack(0x000000030622b000,0x000000030632b000)]
  0x00007fea43809a00 JavaThread "Service Thread" daemon [_thread_blocked, id=39939, stack(0x000000030632e000,0x000000030642e000)]
  0x00007fea4380a000 JavaThread "C2 CompilerThread0" daemon [_thread_in_native, id=39171, stack(0x0000000306431000,0x0000000306531000)]
  0x00007fea4380a600 JavaThread "C1 CompilerThread0" daemon [_thread_blocked, id=25603, stack(0x0000000306534000,0x0000000306634000)]
  0x00007fea4381c400 JavaThread "Sweeper thread" daemon [_thread_blocked, id=38403, stack(0x0000000306637000,0x0000000306737000)]
  0x00007fea4103c000 JavaThread "Common-Cleaner" daemon [_thread_blocked, id=26883, stack(0x000000030673a000,0x000000030683a000)]
  0x00007fea2180a400 JavaThread "Monitor Ctrl-Break" daemon [_thread_in_native, id=36867, stack(0x000000030683d000,0x000000030693d000)]
  0x00007fea21808200 JavaThread "Notification Thread" daemon [_thread_blocked, id=28931, stack(0x0000000306940000,0x0000000306a40000)]
  0x00007fea21944800 JavaThread "Thread-0" [_thread_in_Java, id=30723, stack(0x0000000306b46000,0x0000000306c46000)]
  0x00007fea21944e00 JavaThread "Thread-1" [_thread_in_Java, id=30979, stack(0x0000000306c49000,0x0000000306d49000)]
  0x00007fea21945400 JavaThread "Thread-2" [_thread_in_Java, id=32771, stack(0x0000000306d4c000,0x0000000306e4c000)]
  0x00007fea21946400 JavaThread "Thread-3" [_thread_in_Java, id=43523, stack(0x0000000306e4f000,0x0000000306f4f000)]
=>0x00007fea21946a00 JavaThread "Thread-4" [_thread_in_Java, id=86275, stack(0x0000000306f52000,0x0000000307052000)]
  0x00007fea21042400 JavaThread "Thread-5" [_thread_in_Java, id=85507, stack(0x0000000307055000,0x0000000307155000)]
  0x00007fea41838800 JavaThread "Thread-6" [_thread_in_Java, id=84739, stack(0x0000000307158000,0x0000000307258000)]

Other Threads:
  0x00007fea4320add0 VMThread "VM Thread" [stack: 0x0000000305e11000,0x0000000305f11000] [id=15875]
  0x00007fea40f44f10 WatcherThread [stack: 0x0000000306a43000,0x0000000306b43000] [id=36103]
  0x00007fea40c25650 GCTaskThread "GC Thread#0" [stack: 0x0000000305902000,0x0000000305a02000] [id=13059]
  0x00007fea431047f0 ConcurrentGCThread "G1 Main Marker" [stack: 0x0000000305a05000,0x0000000305b05000] [id=17411]
  0x00007fea430048a0 ConcurrentGCThread "G1 Conc#0" [stack: 0x0000000305b08000,0x0000000305c08000] [id=16643]
  0x00007fea40f0a1a0 ConcurrentGCThread "G1 Refine#0" [stack: 0x0000000305c0b000,0x0000000305d0b000] [id=14083]
  0x00007fea40f0b220 ConcurrentGCThread "G1 Young RemSet Sampling" [stack: 0x0000000305d0e000,0x0000000305e0e000] [id=16131]

Threads with active compile tasks:
C2 CompilerThread0      765  877       4       com.sun.org.apache.xerces.internal.dom.DeferredDocumentImpl::setDeferredAttribute (227 bytes)

VM state: not at safepoint (normal execution)

VM Mutex/Monitor currently owned by a thread: None

Heap address: 0x0000000700000000, size: 4096 MB, Compressed Oops mode: Zero based, Oop shift amount: 3
CDS archive(s) mapped at: [0x0000000800000000-0x0000000800b2b000-0x0000000800b2b000), size 11710464, SharedBaseAddress: 0x0000000800000000, ArchiveRelocationMode: 0.
Compressed class space mapped at: 0x0000000800b2c000-0x0000000840b2c000, size: 1073741824
Narrow klass base: 0x0000000800000000, Narrow klass shift: 3, Narrow klass range: 0x100000000

GC Precious Log:
 CPUs: 8 total, 8 available
 Memory: 16384M
 Large Page Support: Disabled
 NUMA Support: Disabled
 Compressed Oops: Enabled (Zero based)
 Heap Region Size: 2M
 Heap Min Capacity: 8M
 Heap Initial Capacity: 256M
 Heap Max Capacity: 4G
 Pre-touch: Disabled
 Parallel Workers: 8
 Concurrent Workers: 2
 Concurrent Refinement Workers: 8
 Periodic GC: Disabled

Heap:
 garbage-first heap   total 266240K, used 20264K [0x0000000700000000, 0x0000000800000000)
  region size 2048K, 10 young (20480K), 0 survivors (0K)
 Metaspace       used 4072K, capacity 5340K, committed 5504K, reserved 1056768K
  class space    used 370K, capacity 517K, committed 640K, reserved 1048576K

Heap Regions: E=young(eden), S=young(survivor), O=old, HS=humongous(starts), HC=humongous(continues), CS=collection set, F=free, OA=open archive, CA=closed archive, TAMS=top-at-mark-start (previous, next)
|   0|0x0000000700000000, 0x0000000700000000, 0x0000000700200000|  0%| F|  |TAMS 0x0000000700000000, 0x0000000700000000| Untracked 
|   1|0x0000000700200000, 0x0000000700200000, 0x0000000700400000|  0%| F|  |TAMS 0x0000000700200000, 0x0000000700200000| Untracked 
|   2|0x0000000700400000, 0x0000000700400000, 0x0000000700600000|  0%| F|  |TAMS 0x0000000700400000, 0x0000000700400000| Untracked 
|   3|0x0000000700600000, 0x0000000700600000, 0x0000000700800000|  0%| F|  |TAMS 0x0000000700600000, 0x0000000700600000| Untracked 
|   4|0x0000000700800000, 0x0000000700800000, 0x0000000700a00000|  0%| F|  |TAMS 0x0000000700800000, 0x0000000700800000| Untracked 
|   5|0x0000000700a00000, 0x0000000700a00000, 0x0000000700c00000|  0%| F|  |TAMS 0x0000000700a00000, 0x0000000700a00000| Untracked 
|   6|0x0000000700c00000, 0x0000000700c00000, 0x0000000700e00000|  0%| F|  |TAMS 0x0000000700c00000, 0x0000000700c00000| Untracked 
|   7|0x0000000700e00000, 0x0000000700e00000, 0x0000000701000000|  0%| F|  |TAMS 0x0000000700e00000, 0x0000000700e00000| Untracked 
|   8|0x0000000701000000, 0x0000000701000000, 0x0000000701200000|  0%| F|  |TAMS 0x0000000701000000, 0x0000000701000000| Untracked 
|   9|0x0000000701200000, 0x0000000701200000, 0x0000000701400000|  0%| F|  |TAMS 0x0000000701200000, 0x0000000701200000| Untracked 
|  10|0x0000000701400000, 0x0000000701400000, 0x0000000701600000|  0%| F|  |TAMS 0x0000000701400000, 0x0000000701400000| Untracked 
|  11|0x0000000701600000, 0x0000000701600000, 0x0000000701800000|  0%| F|  |TAMS 0x0000000701600000, 0x0000000701600000| Untracked 
|  12|0x0000000701800000, 0x0000000701800000, 0x0000000701a00000|  0%| F|  |TAMS 0x0000000701800000, 0x0000000701800000| Untracked 
|  13|0x0000000701a00000, 0x0000000701a00000, 0x0000000701c00000|  0%| F|  |TAMS 0x0000000701a00000, 0x0000000701a00000| Untracked 
|  14|0x0000000701c00000, 0x0000000701c00000, 0x0000000701e00000|  0%| F|  |TAMS 0x0000000701c00000, 0x0000000701c00000| Untracked 
|  15|0x0000000701e00000, 0x0000000701e00000, 0x0000000702000000|  0%| F|  |TAMS 0x0000000701e00000, 0x0000000701e00000| Untracked 
|  16|0x0000000702000000, 0x0000000702000000, 0x0000000702200000|  0%| F|  |TAMS 0x0000000702000000, 0x0000000702000000| Untracked 
|  17|0x0000000702200000, 0x0000000702200000, 0x0000000702400000|  0%| F|  |TAMS 0x0000000702200000, 0x0000000702200000| Untracked 
|  18|0x0000000702400000, 0x0000000702400000, 0x0000000702600000|  0%| F|  |TAMS 0x0000000702400000, 0x0000000702400000| Untracked 
|  19|0x0000000702600000, 0x0000000702600000, 0x0000000702800000|  0%| F|  |TAMS 0x0000000702600000, 0x0000000702600000| Untracked 
|  20|0x0000000702800000, 0x0000000702800000, 0x0000000702a00000|  0%| F|  |TAMS 0x0000000702800000, 0x0000000702800000| Untracked 
|  21|0x0000000702a00000, 0x0000000702a00000, 0x0000000702c00000|  0%| F|  |TAMS 0x0000000702a00000, 0x0000000702a00000| Untracked 
|  22|0x0000000702c00000, 0x0000000702c00000, 0x0000000702e00000|  0%| F|  |TAMS 0x0000000702c00000, 0x0000000702c00000| Untracked 
|  23|0x0000000702e00000, 0x0000000702e00000, 0x0000000703000000|  0%| F|  |TAMS 0x0000000702e00000, 0x0000000702e00000| Untracked 
|  24|0x0000000703000000, 0x0000000703000000, 0x0000000703200000|  0%| F|  |TAMS 0x0000000703000000, 0x0000000703000000| Untracked 
|  25|0x0000000703200000, 0x0000000703200000, 0x0000000703400000|  0%| F|  |TAMS 0x0000000703200000, 0x0000000703200000| Untracked 
|  26|0x0000000703400000, 0x0000000703400000, 0x0000000703600000|  0%| F|  |TAMS 0x0000000703400000, 0x0000000703400000| Untracked 
|  27|0x0000000703600000, 0x0000000703600000, 0x0000000703800000|  0%| F|  |TAMS 0x0000000703600000, 0x0000000703600000| Untracked 
|  28|0x0000000703800000, 0x0000000703800000, 0x0000000703a00000|  0%| F|  |TAMS 0x0000000703800000, 0x0000000703800000| Untracked 
|  29|0x0000000703a00000, 0x0000000703a00000, 0x0000000703c00000|  0%| F|  |TAMS 0x0000000703a00000, 0x0000000703a00000| Untracked 
|  30|0x0000000703c00000, 0x0000000703c00000, 0x0000000703e00000|  0%| F|  |TAMS 0x0000000703c00000, 0x0000000703c00000| Untracked 
|  31|0x0000000703e00000, 0x0000000703e00000, 0x0000000704000000|  0%| F|  |TAMS 0x0000000703e00000, 0x0000000703e00000| Untracked 
|  32|0x0000000704000000, 0x0000000704000000, 0x0000000704200000|  0%| F|  |TAMS 0x0000000704000000, 0x0000000704000000| Untracked 
|  33|0x0000000704200000, 0x0000000704200000, 0x0000000704400000|  0%| F|  |TAMS 0x0000000704200000, 0x0000000704200000| Untracked 
|  34|0x0000000704400000, 0x0000000704400000, 0x0000000704600000|  0%| F|  |TAMS 0x0000000704400000, 0x0000000704400000| Untracked 
|  35|0x0000000704600000, 0x0000000704600000, 0x0000000704800000|  0%| F|  |TAMS 0x0000000704600000, 0x0000000704600000| Untracked 
|  36|0x0000000704800000, 0x0000000704800000, 0x0000000704a00000|  0%| F|  |TAMS 0x0000000704800000, 0x0000000704800000| Untracked 
|  37|0x0000000704a00000, 0x0000000704a00000, 0x0000000704c00000|  0%| F|  |TAMS 0x0000000704a00000, 0x0000000704a00000| Untracked 
|  38|0x0000000704c00000, 0x0000000704c00000, 0x0000000704e00000|  0%| F|  |TAMS 0x0000000704c00000, 0x0000000704c00000| Untracked 
|  39|0x0000000704e00000, 0x0000000704e00000, 0x0000000705000000|  0%| F|  |TAMS 0x0000000704e00000, 0x0000000704e00000| Untracked 
|  40|0x0000000705000000, 0x0000000705000000, 0x0000000705200000|  0%| F|  |TAMS 0x0000000705000000, 0x0000000705000000| Untracked 
|  41|0x0000000705200000, 0x0000000705200000, 0x0000000705400000|  0%| F|  |TAMS 0x0000000705200000, 0x0000000705200000| Untracked 
|  42|0x0000000705400000, 0x0000000705400000, 0x0000000705600000|  0%| F|  |TAMS 0x0000000705400000, 0x0000000705400000| Untracked 
|  43|0x0000000705600000, 0x0000000705600000, 0x0000000705800000|  0%| F|  |TAMS 0x0000000705600000, 0x0000000705600000| Untracked 
|  44|0x0000000705800000, 0x0000000705800000, 0x0000000705a00000|  0%| F|  |TAMS 0x0000000705800000, 0x0000000705800000| Untracked 
|  45|0x0000000705a00000, 0x0000000705a00000, 0x0000000705c00000|  0%| F|  |TAMS 0x0000000705a00000, 0x0000000705a00000| Untracked 
|  46|0x0000000705c00000, 0x0000000705c00000, 0x0000000705e00000|  0%| F|  |TAMS 0x0000000705c00000, 0x0000000705c00000| Untracked 
|  47|0x0000000705e00000, 0x0000000705e00000, 0x0000000706000000|  0%| F|  |TAMS 0x0000000705e00000, 0x0000000705e00000| Untracked 
|  48|0x0000000706000000, 0x0000000706000000, 0x0000000706200000|  0%| F|  |TAMS 0x0000000706000000, 0x0000000706000000| Untracked 
|  49|0x0000000706200000, 0x0000000706200000, 0x0000000706400000|  0%| F|  |TAMS 0x0000000706200000, 0x0000000706200000| Untracked 
|  50|0x0000000706400000, 0x0000000706400000, 0x0000000706600000|  0%| F|  |TAMS 0x0000000706400000, 0x0000000706400000| Untracked 
|  51|0x0000000706600000, 0x0000000706600000, 0x0000000706800000|  0%| F|  |TAMS 0x0000000706600000, 0x0000000706600000| Untracked 
|  52|0x0000000706800000, 0x0000000706800000, 0x0000000706a00000|  0%| F|  |TAMS 0x0000000706800000, 0x0000000706800000| Untracked 
|  53|0x0000000706a00000, 0x0000000706a00000, 0x0000000706c00000|  0%| F|  |TAMS 0x0000000706a00000, 0x0000000706a00000| Untracked 
|  54|0x0000000706c00000, 0x0000000706c00000, 0x0000000706e00000|  0%| F|  |TAMS 0x0000000706c00000, 0x0000000706c00000| Untracked 
|  55|0x0000000706e00000, 0x0000000706e00000, 0x0000000707000000|  0%| F|  |TAMS 0x0000000706e00000, 0x0000000706e00000| Untracked 
|  56|0x0000000707000000, 0x0000000707000000, 0x0000000707200000|  0%| F|  |TAMS 0x0000000707000000, 0x0000000707000000| Untracked 
|  57|0x0000000707200000, 0x0000000707200000, 0x0000000707400000|  0%| F|  |TAMS 0x0000000707200000, 0x0000000707200000| Untracked 
|  58|0x0000000707400000, 0x0000000707400000, 0x0000000707600000|  0%| F|  |TAMS 0x0000000707400000, 0x0000000707400000| Untracked 
|  59|0x0000000707600000, 0x0000000707600000, 0x0000000707800000|  0%| F|  |TAMS 0x0000000707600000, 0x0000000707600000| Untracked 
|  60|0x0000000707800000, 0x0000000707800000, 0x0000000707a00000|  0%| F|  |TAMS 0x0000000707800000, 0x0000000707800000| Untracked 
|  61|0x0000000707a00000, 0x0000000707a00000, 0x0000000707c00000|  0%| F|  |TAMS 0x0000000707a00000, 0x0000000707a00000| Untracked 
|  62|0x0000000707c00000, 0x0000000707c00000, 0x0000000707e00000|  0%| F|  |TAMS 0x0000000707c00000, 0x0000000707c00000| Untracked 
|  63|0x0000000707e00000, 0x0000000707e00000, 0x0000000708000000|  0%| F|  |TAMS 0x0000000707e00000, 0x0000000707e00000| Untracked 
|  64|0x0000000708000000, 0x0000000708000000, 0x0000000708200000|  0%| F|  |TAMS 0x0000000708000000, 0x0000000708000000| Untracked 
|  65|0x0000000708200000, 0x0000000708200000, 0x0000000708400000|  0%| F|  |TAMS 0x0000000708200000, 0x0000000708200000| Untracked 
|  66|0x0000000708400000, 0x0000000708400000, 0x0000000708600000|  0%| F|  |TAMS 0x0000000708400000, 0x0000000708400000| Untracked 
|  67|0x0000000708600000, 0x0000000708600000, 0x0000000708800000|  0%| F|  |TAMS 0x0000000708600000, 0x0000000708600000| Untracked 
|  68|0x0000000708800000, 0x0000000708800000, 0x0000000708a00000|  0%| F|  |TAMS 0x0000000708800000, 0x0000000708800000| Untracked 
|  69|0x0000000708a00000, 0x0000000708a00000, 0x0000000708c00000|  0%| F|  |TAMS 0x0000000708a00000, 0x0000000708a00000| Untracked 
|  70|0x0000000708c00000, 0x0000000708c00000, 0x0000000708e00000|  0%| F|  |TAMS 0x0000000708c00000, 0x0000000708c00000| Untracked 
|  71|0x0000000708e00000, 0x0000000708e00000, 0x0000000709000000|  0%| F|  |TAMS 0x0000000708e00000, 0x0000000708e00000| Untracked 
|  72|0x0000000709000000, 0x0000000709000000, 0x0000000709200000|  0%| F|  |TAMS 0x0000000709000000, 0x0000000709000000| Untracked 
|  73|0x0000000709200000, 0x0000000709200000, 0x0000000709400000|  0%| F|  |TAMS 0x0000000709200000, 0x0000000709200000| Untracked 
|  74|0x0000000709400000, 0x0000000709400000, 0x0000000709600000|  0%| F|  |TAMS 0x0000000709400000, 0x0000000709400000| Untracked 
|  75|0x0000000709600000, 0x0000000709600000, 0x0000000709800000|  0%| F|  |TAMS 0x0000000709600000, 0x0000000709600000| Untracked 
|  76|0x0000000709800000, 0x0000000709800000, 0x0000000709a00000|  0%| F|  |TAMS 0x0000000709800000, 0x0000000709800000| Untracked 
|  77|0x0000000709a00000, 0x0000000709a00000, 0x0000000709c00000|  0%| F|  |TAMS 0x0000000709a00000, 0x0000000709a00000| Untracked 
|  78|0x0000000709c00000, 0x0000000709c00000, 0x0000000709e00000|  0%| F|  |TAMS 0x0000000709c00000, 0x0000000709c00000| Untracked 
|  79|0x0000000709e00000, 0x0000000709e00000, 0x000000070a000000|  0%| F|  |TAMS 0x0000000709e00000, 0x0000000709e00000| Untracked 
|  80|0x000000070a000000, 0x000000070a000000, 0x000000070a200000|  0%| F|  |TAMS 0x000000070a000000, 0x000000070a000000| Untracked 
|  81|0x000000070a200000, 0x000000070a200000, 0x000000070a400000|  0%| F|  |TAMS 0x000000070a200000, 0x000000070a200000| Untracked 
|  82|0x000000070a400000, 0x000000070a400000, 0x000000070a600000|  0%| F|  |TAMS 0x000000070a400000, 0x000000070a400000| Untracked 
|  83|0x000000070a600000, 0x000000070a600000, 0x000000070a800000|  0%| F|  |TAMS 0x000000070a600000, 0x000000070a600000| Untracked 
|  84|0x000000070a800000, 0x000000070a800000, 0x000000070aa00000|  0%| F|  |TAMS 0x000000070a800000, 0x000000070a800000| Untracked 
|  85|0x000000070aa00000, 0x000000070aa00000, 0x000000070ac00000|  0%| F|  |TAMS 0x000000070aa00000, 0x000000070aa00000| Untracked 
|  86|0x000000070ac00000, 0x000000070ac00000, 0x000000070ae00000|  0%| F|  |TAMS 0x000000070ac00000, 0x000000070ac00000| Untracked 
|  87|0x000000070ae00000, 0x000000070ae00000, 0x000000070b000000|  0%| F|  |TAMS 0x000000070ae00000, 0x000000070ae00000| Untracked 
|  88|0x000000070b000000, 0x000000070b000000, 0x000000070b200000|  0%| F|  |TAMS 0x000000070b000000, 0x000000070b000000| Untracked 
|  89|0x000000070b200000, 0x000000070b200000, 0x000000070b400000|  0%| F|  |TAMS 0x000000070b200000, 0x000000070b200000| Untracked 
|  90|0x000000070b400000, 0x000000070b400000, 0x000000070b600000|  0%| F|  |TAMS 0x000000070b400000, 0x000000070b400000| Untracked 
|  91|0x000000070b600000, 0x000000070b600000, 0x000000070b800000|  0%| F|  |TAMS 0x000000070b600000, 0x000000070b600000| Untracked 
|  92|0x000000070b800000, 0x000000070b800000, 0x000000070ba00000|  0%| F|  |TAMS 0x000000070b800000, 0x000000070b800000| Untracked 
|  93|0x000000070ba00000, 0x000000070ba00000, 0x000000070bc00000|  0%| F|  |TAMS 0x000000070ba00000, 0x000000070ba00000| Untracked 
|  94|0x000000070bc00000, 0x000000070bc00000, 0x000000070be00000|  0%| F|  |TAMS 0x000000070bc00000, 0x000000070bc00000| Untracked 
|  95|0x000000070be00000, 0x000000070be00000, 0x000000070c000000|  0%| F|  |TAMS 0x000000070be00000, 0x000000070be00000| Untracked 
|  96|0x000000070c000000, 0x000000070c000000, 0x000000070c200000|  0%| F|  |TAMS 0x000000070c000000, 0x000000070c000000| Untracked 
|  97|0x000000070c200000, 0x000000070c200000, 0x000000070c400000|  0%| F|  |TAMS 0x000000070c200000, 0x000000070c200000| Untracked 
|  98|0x000000070c400000, 0x000000070c400000, 0x000000070c600000|  0%| F|  |TAMS 0x000000070c400000, 0x000000070c400000| Untracked 
|  99|0x000000070c600000, 0x000000070c600000, 0x000000070c800000|  0%| F|  |TAMS 0x000000070c600000, 0x000000070c600000| Untracked 
| 100|0x000000070c800000, 0x000000070c800000, 0x000000070ca00000|  0%| F|  |TAMS 0x000000070c800000, 0x000000070c800000| Untracked 
| 101|0x000000070ca00000, 0x000000070ca00000, 0x000000070cc00000|  0%| F|  |TAMS 0x000000070ca00000, 0x000000070ca00000| Untracked 
| 102|0x000000070cc00000, 0x000000070cc00000, 0x000000070ce00000|  0%| F|  |TAMS 0x000000070cc00000, 0x000000070cc00000| Untracked 
| 103|0x000000070ce00000, 0x000000070ce00000, 0x000000070d000000|  0%| F|  |TAMS 0x000000070ce00000, 0x000000070ce00000| Untracked 
| 104|0x000000070d000000, 0x000000070d000000, 0x000000070d200000|  0%| F|  |TAMS 0x000000070d000000, 0x000000070d000000| Untracked 
| 105|0x000000070d200000, 0x000000070d200000, 0x000000070d400000|  0%| F|  |TAMS 0x000000070d200000, 0x000000070d200000| Untracked 
| 106|0x000000070d400000, 0x000000070d400000, 0x000000070d600000|  0%| F|  |TAMS 0x000000070d400000, 0x000000070d400000| Untracked 
| 107|0x000000070d600000, 0x000000070d600000, 0x000000070d800000|  0%| F|  |TAMS 0x000000070d600000, 0x000000070d600000| Untracked 
| 108|0x000000070d800000, 0x000000070d800000, 0x000000070da00000|  0%| F|  |TAMS 0x000000070d800000, 0x000000070d800000| Untracked 
| 109|0x000000070da00000, 0x000000070da00000, 0x000000070dc00000|  0%| F|  |TAMS 0x000000070da00000, 0x000000070da00000| Untracked 
| 110|0x000000070dc00000, 0x000000070dc00000, 0x000000070de00000|  0%| F|  |TAMS 0x000000070dc00000, 0x000000070dc00000| Untracked 
| 111|0x000000070de00000, 0x000000070de00000, 0x000000070e000000|  0%| F|  |TAMS 0x000000070de00000, 0x000000070de00000| Untracked 
| 112|0x000000070e000000, 0x000000070e000000, 0x000000070e200000|  0%| F|  |TAMS 0x000000070e000000, 0x000000070e000000| Untracked 
| 113|0x000000070e200000, 0x000000070e200000, 0x000000070e400000|  0%| F|  |TAMS 0x000000070e200000, 0x000000070e200000| Untracked 
| 114|0x000000070e400000, 0x000000070e400000, 0x000000070e600000|  0%| F|  |TAMS 0x000000070e400000, 0x000000070e400000| Untracked 
| 115|0x000000070e600000, 0x000000070e600000, 0x000000070e800000|  0%| F|  |TAMS 0x000000070e600000, 0x000000070e600000| Untracked 
| 116|0x000000070e800000, 0x000000070e800000, 0x000000070ea00000|  0%| F|  |TAMS 0x000000070e800000, 0x000000070e800000| Untracked 
| 117|0x000000070ea00000, 0x000000070ea00000, 0x000000070ec00000|  0%| F|  |TAMS 0x000000070ea00000, 0x000000070ea00000| Untracked 
| 118|0x000000070ec00000, 0x000000070ece1d10, 0x000000070ee00000| 44%| E|  |TAMS 0x000000070ec00000, 0x000000070ec00000| Complete 
| 119|0x000000070ee00000, 0x000000070f000000, 0x000000070f000000|100%| E|CS|TAMS 0x000000070ee00000, 0x000000070ee00000| Complete 
| 120|0x000000070f000000, 0x000000070f200000, 0x000000070f200000|100%| E|CS|TAMS 0x000000070f000000, 0x000000070f000000| Complete 
| 121|0x000000070f200000, 0x000000070f400000, 0x000000070f400000|100%| E|CS|TAMS 0x000000070f200000, 0x000000070f200000| Complete 
| 122|0x000000070f400000, 0x000000070f600000, 0x000000070f600000|100%| E|CS|TAMS 0x000000070f400000, 0x000000070f400000| Complete 
| 123|0x000000070f600000, 0x000000070f800000, 0x000000070f800000|100%| E|CS|TAMS 0x000000070f600000, 0x000000070f600000| Complete 
| 124|0x000000070f800000, 0x000000070fa00000, 0x000000070fa00000|100%| E|CS|TAMS 0x000000070f800000, 0x000000070f800000| Complete 
| 125|0x000000070fa00000, 0x000000070fc00000, 0x000000070fc00000|100%| E|CS|TAMS 0x000000070fa00000, 0x000000070fa00000| Complete 
| 126|0x000000070fc00000, 0x000000070fe00000, 0x000000070fe00000|100%| E|CS|TAMS 0x000000070fc00000, 0x000000070fc00000| Complete 
| 127|0x000000070fe00000, 0x0000000710000000, 0x0000000710000000|100%| E|CS|TAMS 0x000000070fe00000, 0x000000070fe00000| Complete 
|1534|0x00000007bfc00000, 0x00000007bfd51000, 0x00000007bfe00000| 65%|OA|  |TAMS 0x00000007bfc00000, 0x00000007bfc00000| Untracked 
|1535|0x00000007bfe00000, 0x00000007bfe79000, 0x00000007c0000000| 23%|CA|  |TAMS 0x00000007bfe00000, 0x00000007bfe00000| Untracked 

Card table byte_map: [0x000000012707a000,0x000000012787a000] _byte_map_base: 0x000000012387a000

Marking Bits (Prev, Next): (CMBitMap*) 0x00007fea44008210, (CMBitMap*) 0x00007fea44008250
 Prev Bits: [0x000000012807a000, 0x000000012c07a000)
 Next Bits: [0x000000012c07a000, 0x000000013007a000)

Polling page: 0x0000000100a0e000

Metaspace:

Usage:
  Non-class:      4.71 MB capacity,     3.62 MB ( 77%) used,     1.09 MB ( 23%) free+waste,     5.19 KB ( <1%) overhead. 
      Class:    517.00 KB capacity,   370.17 KB ( 72%) used,   144.52 KB ( 28%) free+waste,     2.31 KB ( <1%) overhead. 
       Both:      5.21 MB capacity,     3.98 MB ( 76%) used,     1.23 MB ( 24%) free+waste,     7.50 KB ( <1%) overhead. 

Virtual space:
  Non-class space:        8.00 MB reserved,       4.75 MB ( 59%) committed 
      Class space:        1.00 GB reserved,     640.00 KB ( <1%) committed 
             Both:        1.01 GB reserved,       5.38 MB ( <1%) committed 

Chunk freelists:
   Non-Class:  0 bytes
       Class:  11.00 KB
        Both:  11.00 KB

MaxMetaspaceSize: 17179869184.00 GB
CompressedClassSpaceSize: 1.00 GB

CodeHeap 'non-profiled nmethods': size=120028Kb used=383Kb max_used=383Kb free=119644Kb
 bounds [0x000000011f258000, 0x000000011f4c8000, 0x000000012678f000]
CodeHeap 'profiled nmethods': size=120028Kb used=1924Kb max_used=1924Kb free=118103Kb
 bounds [0x0000000117d21000, 0x0000000117f91000, 0x000000011f258000]
CodeHeap 'non-nmethods': size=5704Kb used=1159Kb max_used=1181Kb free=4544Kb
 bounds [0x000000011778f000, 0x00000001179ff000, 0x0000000117d21000]
 total_blobs=1414 nmethods=995 adapters=334
 compilation: enabled
              stopped_count=0, restarted_count=0
 full_count=0

Compilation events (20 events):
Event: 0.746 Thread 0x00007fea4380a000  877       4       com.sun.org.apache.xerces.internal.dom.DeferredDocumentImpl::setDeferredAttribute (227 bytes)
Event: 0.746 Thread 0x00007fea4380a600  990       3       sun.invoke.util.Wrapper::forBasicType (16 bytes)
Event: 0.746 Thread 0x00007fea4380a600 nmethod 990 0x0000000117ef6310 code [0x0000000117ef64c0, 0x0000000117ef6640]
Event: 0.746 Thread 0x00007fea4380a600  991       3       sun.invoke.util.BytecodeDescriptor::unparseSig (49 bytes)
Event: 0.747 Thread 0x00007fea4380a600 nmethod 991 0x0000000117ef6710 code [0x0000000117ef6920, 0x0000000117ef6e00]
Event: 0.747 Thread 0x00007fea4380a600  994       3       jdk.internal.org.objectweb.asm.ByteVector::<init> (13 bytes)
Event: 0.748 Thread 0x00007fea4380a600 nmethod 994 0x0000000117ef7090 code [0x0000000117ef7220, 0x0000000117ef7490]
Event: 0.748 Thread 0x00007fea4380a600  995       3       jdk.internal.org.objectweb.asm.ByteVector::putByteArray (49 bytes)
Event: 0.748 Thread 0x00007fea4380a600 nmethod 995 0x0000000117ef7590 code [0x0000000117ef7740, 0x0000000117ef7a10]
Event: 0.748 Thread 0x00007fea4380a600  996   !   3       jdk.internal.loader.URLClassPath$FileLoader::getResource (164 bytes)
Event: 0.749 Thread 0x00007fea4380a600 nmethod 996 0x0000000117ef7b10 code [0x0000000117ef7e40, 0x0000000117ef90a0]
Event: 0.749 Thread 0x00007fea4380a600  998       3       java.util.ImmutableCollections$List12::get (35 bytes)
Event: 0.749 Thread 0x00007fea4380a600 nmethod 998 0x0000000117ef9990 code [0x0000000117ef9b40, 0x0000000117ef9dc0]
Event: 0.749 Thread 0x00007fea4380a600  999       3       sun.invoke.util.VerifyType::isNullConversion (157 bytes)
Event: 0.749 Thread 0x00007fea4380a600 nmethod 999 0x0000000117ef9e90 code [0x0000000117efa180, 0x0000000117efb660]
Event: 0.752 Thread 0x00007fea4380a600 1000       3       java.lang.invoke.MethodHandle::<init> (37 bytes)
Event: 0.753 Thread 0x00007fea4380a600 nmethod 1000 0x0000000117efbb10 code [0x0000000117efbd00, 0x0000000117efc270]
Event: 0.753 Thread 0x00007fea4380a600 1001       3       java.lang.invoke.LambdaForm::prepare (112 bytes)
Event: 0.753 Thread 0x00007fea4380a600 nmethod 1001 0x0000000117efc490 code [0x0000000117efc6c0, 0x0000000117efcf10]
Event: 0.755 Thread 0x00007fea4380a600 1003       1       org.matxt.Video.VideoWork::getX (5 bytes)

GC Heap History (0 events):
No events

Deoptimization events (20 events):
Event: 0.522 Thread 0x00007fea43808e00 DEOPT PACKING pc=0x0000000117e77b00 sp=0x00000003058fd810
Event: 0.522 Thread 0x00007fea43808e00 DEOPT UNPACKING pc=0x00000001177dcc1c sp=0x00000003058fccf0 mode 0
Event: 0.556 Thread 0x00007fea43808e00 DEOPT PACKING pc=0x0000000117e77b00 sp=0x00000003058fd5c0
Event: 0.556 Thread 0x00007fea43808e00 DEOPT UNPACKING pc=0x00000001177dcc1c sp=0x00000003058fcaa0 mode 0
Event: 0.563 Thread 0x00007fea43808e00 DEOPT PACKING pc=0x0000000117e77b00 sp=0x00000003058fd5b0
Event: 0.563 Thread 0x00007fea43808e00 DEOPT UNPACKING pc=0x00000001177dcc1c sp=0x00000003058fca90 mode 0
Event: 0.575 Thread 0x00007fea43808e00 DEOPT PACKING pc=0x0000000117e77b00 sp=0x00000003058fd5c0
Event: 0.575 Thread 0x00007fea43808e00 DEOPT UNPACKING pc=0x00000001177dcc1c sp=0x00000003058fcaa0 mode 0
Event: 0.582 Thread 0x00007fea43808e00 DEOPT PACKING pc=0x0000000117e77b00 sp=0x00000003058fd5c0
Event: 0.582 Thread 0x00007fea43808e00 DEOPT UNPACKING pc=0x00000001177dcc1c sp=0x00000003058fcaa0 mode 0
Event: 0.586 Thread 0x00007fea43808e00 DEOPT PACKING pc=0x0000000117e77b00 sp=0x00000003058fd5c0
Event: 0.586 Thread 0x00007fea43808e00 DEOPT UNPACKING pc=0x00000001177dcc1c sp=0x00000003058fcaa0 mode 0
Event: 0.594 Thread 0x00007fea43808e00 DEOPT PACKING pc=0x0000000117e77b00 sp=0x00000003058fd5c0
Event: 0.594 Thread 0x00007fea43808e00 DEOPT UNPACKING pc=0x00000001177dcc1c sp=0x00000003058fcaa0 mode 0
Event: 0.595 Thread 0x00007fea43808e00 Uncommon trap: trap_request=0xffffff45 fr.pc=0x000000011f28a528 relative=0x0000000000000568
Event: 0.595 Thread 0x00007fea43808e00 Uncommon trap: reason=unstable_if action=reinterpret pc=0x000000011f28a528 method=com.sun.org.apache.xerces.internal.impl.XMLEntityScanner.scanLiteral(ILcom/sun/org/apache/xerces/internal/xni/XMLString;Z)I @ 44 c2
Event: 0.595 Thread 0x00007fea43808e00 DEOPT PACKING pc=0x000000011f28a528 sp=0x00000003058fd770
Event: 0.595 Thread 0x00007fea43808e00 DEOPT UNPACKING pc=0x00000001177dce1f sp=0x00000003058fd710 mode 2
Event: 0.601 Thread 0x00007fea43808e00 DEOPT PACKING pc=0x0000000117e77b00 sp=0x00000003058fd5c0
Event: 0.601 Thread 0x00007fea43808e00 DEOPT UNPACKING pc=0x00000001177dcc1c sp=0x00000003058fcaa0 mode 0

Classes unloaded (0 events):
No events

Classes redefined (0 events):
No events

Internal exceptions (10 events):
Event: 0.169 Thread 0x00007fea43808e00 Implicit null exception at 0x000000011f265135 to 0x000000011f265280
Event: 0.193 Thread 0x00007fea2180a400 Exception <a 'java/lang/NoSuchMethodError'{0x000000070ffc87c0}: 'java.lang.Object java.lang.invoke.DirectMethodHandle$Holder.invokeStatic(java.lang.Object)'> (0x000000070ffc87c0) 
thrown [./open/src/hotspot/share/interpreter/linkResolver.cpp, line 782]
Event: 0.195 Thread 0x00007fea2180a400 Exception <a 'java/lang/NoSuchMethodError'{0x000000070ffcbfa8}: 'java.lang.Object java.lang.invoke.DirectMethodHandle$Holder.invokeStaticInit(java.lang.Object)'> (0x000000070ffcbfa8) 
thrown [./open/src/hotspot/share/interpreter/linkResolver.cpp, line 782]
Event: 0.212 Thread 0x00007fea2180a400 Exception <a 'java/lang/NoSuchMethodError'{0x000000070ffd9e70}: 'void java.lang.invoke.DirectMethodHandle$Holder.invokeStatic(java.lang.Object, java.lang.Object)'> (0x000000070ffd9e70) 
thrown [./open/src/hotspot/share/interpreter/linkResolver.cpp, line 782]
Event: 0.243 Thread 0x00007fea43808e00 Exception <a 'java/lang/NoSuchMethodError'{0x000000070fd86840}: 'void java.lang.invoke.DirectMethodHandle$Holder.invokeSpecial(java.lang.Object, java.lang.Object, java.lang.Object)'> (0x000000070fd86840) 
thrown [./open/src/hotspot/share/interpreter/linkResolver.cpp, line 782]
Event: 0.713 Thread 0x00007fea43808e00 Exception <a 'java/lang/ClassNotFoundException'{0x000000070f166b68}: sun/awt/resources/spi/awtProvider> (0x000000070f166b68) 
thrown [./open/src/hotspot/share/classfile/systemDictionary.cpp, line 295]
Event: 0.732 Thread 0x00007fea43808e00 Exception <a 'java/io/FileNotFoundException'{0x000000070f197718}> (0x000000070f197718) 
thrown [./open/src/hotspot/share/prims/jni.cpp, line 578]
Event: 0.732 Thread 0x00007fea43808e00 Exception <a 'java/io/FileNotFoundException'{0x000000070f198948}> (0x000000070f198948) 
thrown [./open/src/hotspot/share/prims/jni.cpp, line 578]
Event: 0.747 Thread 0x00007fea43808e00 Exception <a 'java/lang/NoSuchMethodError'{0x000000070f1c3210}: 'java.lang.Object java.lang.invoke.Invokers$Holder.linkToTargetMethod(java.lang.Object, int, java.lang.Object, java.lang.Object, java.lang.Object, java.lang.Object)'> (0x000000070f1c3210) 
thrown [./open/src/hotspot/share/interpreter/linkResolver.cpp, line 782]
Event: 0.748 Thread 0x00007fea43808e00 Exception <a 'java/lang/NoSuchMethodError'{0x000000070f1c8f88}: 'int java.lang.invoke.DirectMethodHandle$Holder.invokeSpecial(java.lang.Object, java.lang.Object, int)'> (0x000000070f1c8f88) 
thrown [./open/src/hotspot/share/interpreter/linkResolver.cpp, line 782]

Events (20 events):
Event: 0.733 loading class sun/awt/PlatformGraphicsInfo
Event: 0.733 loading class sun/awt/PlatformGraphicsInfo done
Event: 0.736 Executing VM operation: ICBufferFull
Event: 0.738 Executing VM operation: ICBufferFull done
Event: 0.738 Executing VM operation: HandshakeAllThreads
Event: 0.738 Executing VM operation: HandshakeAllThreads done
Event: 0.753 Thread 0x00007fea21944800 Thread added: 0x00007fea21944800
Event: 0.753 Protecting memory [0x0000000306b46000,0x0000000306b4a000] with protection modes 0
Event: 0.753 Thread 0x00007fea21944e00 Thread added: 0x00007fea21944e00
Event: 0.753 Protecting memory [0x0000000306c49000,0x0000000306c4d000] with protection modes 0
Event: 0.754 Thread 0x00007fea21945400 Thread added: 0x00007fea21945400
Event: 0.754 Protecting memory [0x0000000306d4c000,0x0000000306d50000] with protection modes 0
Event: 0.754 Thread 0x00007fea21946400 Thread added: 0x00007fea21946400
Event: 0.754 Protecting memory [0x0000000306e4f000,0x0000000306e53000] with protection modes 0
Event: 0.754 Thread 0x00007fea21946a00 Thread added: 0x00007fea21946a00
Event: 0.754 Protecting memory [0x0000000306f52000,0x0000000306f56000] with protection modes 0
Event: 0.754 Thread 0x00007fea21042400 Thread added: 0x00007fea21042400
Event: 0.754 Protecting memory [0x0000000307055000,0x0000000307059000] with protection modes 0
Event: 0.754 Thread 0x00007fea41838800 Thread added: 0x00007fea41838800
Event: 0.754 Protecting memory [0x0000000307158000,0x000000030715c000] with protection modes 0


Dynamic libraries:
0x00007ffdfff0f000 	/Library/Apple/usr/libexec/oah/runtime
0x00007fff2a6b0000 	/usr/lib/libz.1.dylib
0x0000000108cb2000 	/Users/Adebas/Library/Java/JavaVirtualMachines/openjdk-15.0.2/Contents/Home/lib/libjli.dylib
0x00007fff352e8000 	/System/Library/Frameworks/Cocoa.framework/Versions/A/Cocoa
0x00007fff22220000 	/System/Library/Frameworks/Security.framework/Versions/A/Security
0x00007fff33537000 	/System/Library/Frameworks/ApplicationServices.framework/Versions/A/ApplicationServices
0x00007fff2a77c000 	/usr/lib/libSystem.B.dylib
0x00007fff2a776000 	/usr/lib/system/libcache.dylib
0x00007fff2a732000 	/usr/lib/system/libcommonCrypto.dylib
0x00007fff2a75c000 	/usr/lib/system/libcompiler_rt.dylib
0x00007fff2a751000 	/usr/lib/system/libcopyfile.dylib
0x00007fff201c6000 	/usr/lib/system/libcorecrypto.dylib
0x00007fff2028f000 	/usr/lib/system/libdispatch.dylib
0x00007fff20444000 	/usr/lib/system/libdyld.dylib
0x00007fff2a76d000 	/usr/lib/system/libkeymgr.dylib
0x00007fff2dd03000 	/usr/lib/system/liblaunch.dylib
0x00007fff2a710000 	/usr/lib/system/libmacho.dylib
0x00007fff29f26000 	/usr/lib/system/libquarantine.dylib
0x00007fff2a76a000 	/usr/lib/system/libremovefile.dylib
0x00007fff24bad000 	/usr/lib/system/libsystem_asl.dylib
0x00007fff20176000 	/usr/lib/system/libsystem_blocks.dylib
0x00007fff20311000 	/usr/lib/system/libsystem_c.dylib
0x00007fff2a764000 	/usr/lib/system/libsystem_collections.dylib
0x00007fff29313000 	/usr/lib/system/libsystem_configuration.dylib
0x00007fff285fd000 	/usr/lib/system/libsystem_containermanager.dylib
0x00007fff2a4a8000 	/usr/lib/system/libsystem_coreservices.dylib
0x00007fff227d2000 	/usr/lib/system/libsystem_darwin.dylib
0x00007fff2a76e000 	/usr/lib/system/libsystem_dnssd.dylib
0x00007fff2030e000 	/usr/lib/system/libsystem_featureflags.dylib
0x00007fff20489000 	/usr/lib/system/libsystem_info.dylib
0x00007fff2a6c3000 	/usr/lib/system/libsystem_m.dylib
0x00007fff20262000 	/usr/lib/system/libsystem_malloc.dylib
0x00007fff24b41000 	/usr/lib/system/libsystem_networkextension.dylib
0x00007fff22bec000 	/usr/lib/system/libsystem_notify.dylib
0x00007fff301a1000 	/usr/lib/system/libsystem_product_info_filter.dylib
0x00007fff29317000 	/usr/lib/system/libsystem_sandbox.dylib
0x00007fff2a767000 	/usr/lib/system/libsystem_secinit.dylib
0x00007fff20409000 	/usr/lib/system/libsystem_kernel.dylib
0x00007fff2047f000 	/usr/lib/system/libsystem_platform.dylib
0x00007fff20438000 	/usr/lib/system/libsystem_pthread.dylib
0x00007fff262d3000 	/usr/lib/system/libsystem_symptoms.dylib
0x00007fff201ae000 	/usr/lib/system/libsystem_trace.dylib
0x00007fff2a73e000 	/usr/lib/system/libunwind.dylib
0x00007fff20178000 	/usr/lib/system/libxpc.dylib
0x00007fff203f0000 	/usr/lib/libc++abi.dylib
0x00007fff202d4000 	/usr/lib/libobjc.A.dylib
0x00007fff2a749000 	/usr/lib/liboah.dylib
0x00007fff2039a000 	/usr/lib/libc++.1.dylib
0x00007fff204b5000 	/System/Library/Frameworks/CoreFoundation.framework/Versions/A/CoreFoundation
0x00007fff21194000 	/System/Library/Frameworks/Foundation.framework/Versions/C/Foundation
0x00007fff22c44000 	/System/Library/Frameworks/AppKit.framework/Versions/C/AppKit
0x00007fff25af3000 	/System/Library/Frameworks/CoreData.framework/Versions/A/CoreData
0x00007fff239a1000 	/System/Library/PrivateFrameworks/UIFoundation.framework/Versions/A/UIFoundation
0x00007fff2ff1a000 	/System/Library/PrivateFrameworks/RemoteViewServices.framework/Versions/A/RemoteViewServices
0x00007fff28ccc000 	/System/Library/PrivateFrameworks/XCTTargetBootstrap.framework/Versions/A/XCTTargetBootstrap
0x00007fff2ba19000 	/usr/lib/libspindump.dylib
0x00007fff23bf5000 	/System/Library/Frameworks/UniformTypeIdentifiers.framework/Versions/A/UniformTypeIdentifiers
0x00007fff2749e000 	/usr/lib/libapp_launch_measurement.dylib
0x00007fff274a1000 	/System/Library/PrivateFrameworks/CoreAutoLayout.framework/Versions/A/CoreAutoLayout
0x00007fff2862d000 	/System/Library/Frameworks/Metal.framework/Versions/A/Metal
0x00007fff29322000 	/usr/lib/liblangid.dylib
0x00007fff28cd0000 	/System/Library/PrivateFrameworks/CoreSVG.framework/Versions/A/CoreSVG
0x00007fff24bdc000 	/System/Library/PrivateFrameworks/SkyLight.framework/Versions/A/SkyLight
0x00007fff24f3b000 	/System/Library/Frameworks/CoreGraphics.framework/Versions/A/CoreGraphics
0x00007fff30571000 	/System/Library/Frameworks/Accelerate.framework/Versions/A/Accelerate
0x00007fff2b454000 	/System/Library/PrivateFrameworks/IconServices.framework/Versions/A/IconServices
0x00007fff2860e000 	/System/Library/Frameworks/IOSurface.framework/Versions/A/IOSurface
0x00007fff26485000 	/usr/lib/libDiagnosticMessagesClient.dylib
0x00007fff28cb8000 	/System/Library/PrivateFrameworks/DFRFoundation.framework/Versions/A/DFRFoundation
0x00007fff22570000 	/usr/lib/libicucore.A.dylib
0x00007fff2cf54000 	/System/Library/Frameworks/AudioToolbox.framework/Versions/A/AudioToolbox
0x00007fff2c1ff000 	/System/Library/PrivateFrameworks/DataDetectorsCore.framework/Versions/A/DataDetectorsCore
0x00007fff289b8000 	/System/Library/Frameworks/Carbon.framework/Versions/A/Frameworks/HIToolbox.framework/Versions/A/HIToolbox
0x00007fff26f01000 	/System/Library/Frameworks/QuartzCore.framework/Versions/A/QuartzCore
0x00007fff2ff56000 	/System/Library/Frameworks/Carbon.framework/Versions/A/Frameworks/SpeechRecognition.framework/Versions/A/SpeechRecognition
0x00007fff27206000 	/System/Library/PrivateFrameworks/CoreUI.framework/Versions/A/CoreUI
0x00007fff21b7c000 	/System/Library/Frameworks/CoreAudio.framework/Versions/A/CoreAudio
0x00007fff26570000 	/System/Library/Frameworks/DiskArbitration.framework/Versions/A/DiskArbitration
0x00007fff2be11000 	/System/Library/PrivateFrameworks/MultitouchSupport.framework/Versions/A/MultitouchSupport
0x00007fff2c1f6000 	/System/Library/PrivateFrameworks/InternationalSupport.framework/Versions/A/InternationalSupport
0x00007fff24b50000 	/usr/lib/libenergytrace.dylib
0x00007fff22b3e000 	/System/Library/Frameworks/IOKit.framework/Versions/A/IOKit
0x00007fff302a3000 	/System/Library/Frameworks/CoreServices.framework/Versions/A/CoreServices
0x00007fff27434000 	/System/Library/PrivateFrameworks/PerformanceAnalysis.framework/Versions/A/PerformanceAnalysis
0x00007fff6b797000 	/System/Library/Frameworks/OpenGL.framework/Versions/A/OpenGL
0x00007fff2c27b000 	/System/Library/PrivateFrameworks/UserActivity.framework/Versions/A/UserActivity
0x00007fff255f5000 	/System/Library/Frameworks/ColorSync.framework/Versions/A/ColorSync
0x00007fff28f3b000 	/System/Library/Frameworks/CoreImage.framework/Versions/A/CoreImage
0x00007fff21992000 	/System/Library/Frameworks/CoreText.framework/Versions/A/CoreText
0x00007fff28cfa000 	/System/Library/Frameworks/ImageIO.framework/Versions/A/ImageIO
0x00007fff2a782000 	/System/Library/PrivateFrameworks/SoftLinking.framework/Versions/A/SoftLinking
0x00007fff274ea000 	/usr/lib/libxml2.2.dylib
0x00007fff2a9f4000 	/usr/lib/libcompression.dylib
0x00007fff24b51000 	/usr/lib/libMobileGestalt.dylib
0x00007fff2c129000 	/System/Library/PrivateFrameworks/TextureIO.framework/Versions/A/TextureIO
0x00007fff2b0e2000 	/usr/lib/libate.dylib
0x00007fff2ae0d000 	/usr/lib/liblzma.5.dylib
0x00007fff20eaa000 	/System/Library/Frameworks/SystemConfiguration.framework/Versions/A/SystemConfiguration
0x00007fff2a77e000 	/usr/lib/libfakelink.dylib
0x00007fff246a3000 	/System/Library/Frameworks/CFNetwork.framework/Versions/A/CFNetwork
0x00007fff2a8be000 	/usr/lib/libarchive.2.dylib
0x00007fff20f27000 	/usr/lib/libCRFSuite.dylib
0x00007fff29f4d000 	/usr/lib/libbsm.0.dylib
0x00007fff2405f000 	/usr/lib/libnetwork.dylib
0x00007fff2a783000 	/usr/lib/libpcap.A.dylib
0x00007fff262cc000 	/usr/lib/libdns_services.dylib
0x00007fff2ae26000 	/usr/lib/libcoretls_cfhelpers.dylib
0x00007fff2a9c2000 	/usr/lib/libapple_nghttp2.dylib
0x00007fff2a716000 	/usr/lib/system/libkxld.dylib
0x00007fff25f3a000 	/usr/lib/libsqlite3.dylib
0x00007fff2a48a000 	/System/Library/PrivateFrameworks/AppleFSCompression.framework/Versions/A/AppleFSCompression
0x00007fff29f35000 	/usr/lib/libcoretls.dylib
0x00007fff2a9ef000 	/usr/lib/libpam.2.dylib
0x00007fff2af23000 	/usr/lib/libxar.1.dylib
0x00007fff2931e000 	/System/Library/PrivateFrameworks/AppleSystemInfo.framework/Versions/A/AppleSystemInfo
0x00007fff29b78000 	/System/Library/PrivateFrameworks/IOMobileFramebuffer.framework/Versions/A/IOMobileFramebuffer
0x00007fff2a49a000 	/usr/lib/libbz2.1.0.dylib
0x00007fff2a7bb000 	/usr/lib/libiconv.2.dylib
0x00007fff2a70f000 	/usr/lib/libcharset.1.dylib
0x00007fff27470000 	/System/Library/Frameworks/CoreServices.framework/Versions/A/Frameworks/FSEvents.framework/Versions/A/FSEvents
0x00007fff227dc000 	/System/Library/Frameworks/CoreServices.framework/Versions/A/Frameworks/CarbonCore.framework/Versions/A/CarbonCore
0x00007fff264d5000 	/System/Library/Frameworks/CoreServices.framework/Versions/A/Frameworks/Metadata.framework/Versions/A/Metadata
0x00007fff2a4ad000 	/System/Library/Frameworks/CoreServices.framework/Versions/A/Frameworks/OSServices.framework/Versions/A/OSServices
0x00007fff2a930000 	/System/Library/Frameworks/CoreServices.framework/Versions/A/Frameworks/SearchKit.framework/Versions/A/SearchKit
0x00007fff26256000 	/System/Library/Frameworks/CoreServices.framework/Versions/A/Frameworks/AE.framework/Versions/A/AE
0x00007fff20951000 	/System/Library/Frameworks/CoreServices.framework/Versions/A/Frameworks/LaunchServices.framework/Versions/A/LaunchServices
0x00007fff2adbe000 	/System/Library/Frameworks/CoreServices.framework/Versions/A/Frameworks/DictionaryServices.framework/Versions/A/DictionaryServices
0x00007fff27479000 	/System/Library/Frameworks/CoreServices.framework/Versions/A/Frameworks/SharedFileList.framework/Versions/A/SharedFileList
0x00007fff29f29000 	/usr/lib/libCheckFix.dylib
0x00007fff24bc4000 	/System/Library/PrivateFrameworks/TCC.framework/Versions/A/TCC
0x00007fff29324000 	/System/Library/PrivateFrameworks/CoreNLP.framework/Versions/A/CoreNLP
0x00007fff26488000 	/System/Library/PrivateFrameworks/MetadataUtilities.framework/Versions/A/MetadataUtilities
0x00007fff20f5d000 	/usr/lib/libmecabra.dylib
0x00007fff2a23d000 	/System/Library/Frameworks/MLCompute.framework/Versions/A/MLCompute
0x00007fff29f5e000 	/usr/lib/libmecab.dylib
0x00007fff29fa8000 	/usr/lib/libgermantok.dylib
0x00007fff2a998000 	/usr/lib/libThaiTokenizer.dylib
0x00007fff2af5e000 	/usr/lib/libChineseTokenizer.dylib
0x00007fff2a9ed000 	/System/Library/Frameworks/MetalPerformanceShaders.framework/Versions/A/MetalPerformanceShaders
0x00007fff26577000 	/System/Library/Frameworks/Accelerate.framework/Versions/A/Frameworks/vImage.framework/Versions/A/vImage
0x00007fff3027c000 	/System/Library/Frameworks/Accelerate.framework/Versions/A/Frameworks/vecLib.framework/Versions/A/vecLib
0x00007fff2af69000 	/System/Library/Frameworks/Accelerate.framework/Versions/A/Frameworks/vecLib.framework/Versions/A/libvMisc.dylib
0x00007fff299d4000 	/System/Library/Frameworks/Accelerate.framework/Versions/A/Frameworks/vecLib.framework/Versions/A/libvDSP.dylib
0x00007fff20c54000 	/System/Library/Frameworks/Accelerate.framework/Versions/A/Frameworks/vecLib.framework/Versions/A/libBLAS.dylib
0x00007fff2aa13000 	/System/Library/Frameworks/Accelerate.framework/Versions/A/Frameworks/vecLib.framework/Versions/A/libLAPACK.dylib
0x00007fff29fae000 	/System/Library/Frameworks/Accelerate.framework/Versions/A/Frameworks/vecLib.framework/Versions/A/libLinearAlgebra.dylib
0x00007fff2a9da000 	/System/Library/Frameworks/Accelerate.framework/Versions/A/Frameworks/vecLib.framework/Versions/A/libSparseBLAS.dylib
0x00007fff2aa0d000 	/System/Library/Frameworks/Accelerate.framework/Versions/A/Frameworks/vecLib.framework/Versions/A/libQuadrature.dylib
0x00007fff293cc000 	/System/Library/Frameworks/Accelerate.framework/Versions/A/Frameworks/vecLib.framework/Versions/A/libBNNS.dylib
0x00007fff20e3b000 	/System/Library/Frameworks/Accelerate.framework/Versions/A/Frameworks/vecLib.framework/Versions/A/libSparse.dylib
0x00007fff292b7000 	/System/Library/Frameworks/MetalPerformanceShaders.framework/Versions/A/Frameworks/MPSCore.framework/Versions/A/MPSCore
0x00007fff2a3f9000 	/System/Library/Frameworks/MetalPerformanceShaders.framework/Versions/A/Frameworks/MPSImage.framework/Versions/A/MPSImage
0x00007fff29fc5000 	/System/Library/Frameworks/MetalPerformanceShaders.framework/Versions/A/Frameworks/MPSNeuralNetwork.framework/Versions/A/MPSNeuralNetwork
0x00007fff2a384000 	/System/Library/Frameworks/MetalPerformanceShaders.framework/Versions/A/Frameworks/MPSMatrix.framework/Versions/A/MPSMatrix
0x00007fff2a1ed000 	/System/Library/Frameworks/MetalPerformanceShaders.framework/Versions/A/Frameworks/MPSRayIntersector.framework/Versions/A/MPSRayIntersector
0x00007fff2a3bb000 	/System/Library/Frameworks/MetalPerformanceShaders.framework/Versions/A/Frameworks/MPSNDArray.framework/Versions/A/MPSNDArray
0x00007fff20b80000 	/System/Library/PrivateFrameworks/MetalTools.framework/Versions/A/MetalTools
0x00007fff2931c000 	/System/Library/PrivateFrameworks/AggregateDictionary.framework/Versions/A/AggregateDictionary
0x00007fff26460000 	/System/Library/PrivateFrameworks/CoreAnalytics.framework/Versions/A/CoreAnalytics
0x00007fff2a99a000 	/System/Library/PrivateFrameworks/AppleSauce.framework/Versions/A/AppleSauce
0x00007fff28620000 	/System/Library/PrivateFrameworks/IOAccelerator.framework/Versions/A/IOAccelerator
0x00007fff6b78b000 	/System/Library/Frameworks/OpenGL.framework/Versions/A/Libraries/libCoreFSCache.dylib
0x00007fff214f8000 	/System/Library/PrivateFrameworks/LanguageModeling.framework/Versions/A/LanguageModeling
0x00007fff29b65000 	/System/Library/PrivateFrameworks/CoreEmoji.framework/Versions/A/CoreEmoji
0x00007fff293c5000 	/System/Library/PrivateFrameworks/LinguisticData.framework/Versions/A/LinguisticData
0x00007fff20ded000 	/System/Library/PrivateFrameworks/Lexicon.framework/Versions/A/Lexicon
0x00007fff2a8ac000 	/usr/lib/libcmph.dylib
0x00007fff27450000 	/System/Library/Frameworks/OpenDirectory.framework/Versions/A/Frameworks/CFOpenDirectory.framework/Versions/A/CFOpenDirectory
0x00007fff27440000 	/System/Library/Frameworks/OpenDirectory.framework/Versions/A/OpenDirectory
0x00007fff2ae28000 	/System/Library/PrivateFrameworks/APFS.framework/Versions/A/APFS
0x00007fff29e8a000 	/System/Library/Frameworks/SecurityFoundation.framework/Versions/A/SecurityFoundation
0x00007fff2af31000 	/usr/lib/libutil.dylib
0x00007fff22b03000 	/System/Library/PrivateFrameworks/CoreServicesStore.framework/Versions/A/CoreServicesStore
0x00007fff29f21000 	/System/Library/Frameworks/ServiceManagement.framework/Versions/A/ServiceManagement
0x00007fff2af35000 	/usr/lib/libxslt.1.dylib
0x00007fff29f17000 	/System/Library/PrivateFrameworks/BackgroundTaskManagement.framework/Versions/A/BackgroundTaskManagement
0x00007fff2c074000 	/System/Library/Frameworks/ImageIO.framework/Versions/A/Resources/libRadiance.dylib
0x00007fff2c07d000 	/System/Library/Frameworks/ImageIO.framework/Versions/A/Resources/libJPEG.dylib
0x00007fff2bfcb000 	/System/Library/Frameworks/ImageIO.framework/Versions/A/Resources/libPng.dylib
0x00007fff2bff2000 	/System/Library/Frameworks/ImageIO.framework/Versions/A/Resources/libTIFF.dylib
0x00007fff2c0d2000 	/System/Library/Frameworks/ImageIO.framework/Versions/A/Resources/libGIF.dylib
0x00007fff2bd2f000 	/System/Library/Frameworks/ImageIO.framework/Versions/A/Resources/libJP2.dylib
0x00007fff2b41b000 	/usr/lib/libexpat.1.dylib
0x00007fff2bce5000 	/System/Library/PrivateFrameworks/AppleJPEG.framework/Versions/A/AppleJPEG
0x00007fff2885b000 	/System/Library/PrivateFrameworks/FontServices.framework/libFontParser.dylib
0x00007fff2620a000 	/System/Library/PrivateFrameworks/RunningBoardServices.framework/Versions/A/RunningBoardServices
0x00007fff2be0d000 	/System/Library/PrivateFrameworks/WatchdogClient.framework/Versions/A/WatchdogClient
0x00007fff215e5000 	/System/Library/Frameworks/CoreDisplay.framework/Versions/A/CoreDisplay
0x00007fff28770000 	/System/Library/Frameworks/CoreMedia.framework/Versions/A/CoreMedia
0x00007fff275cd000 	/System/Library/Frameworks/CoreVideo.framework/Versions/A/CoreVideo
0x00007fff2be45000 	/System/Library/Frameworks/VideoToolbox.framework/Versions/A/VideoToolbox
0x00007fff26188000 	/System/Library/PrivateFrameworks/BaseBoard.framework/Versions/A/BaseBoard
0x00007fff2b560000 	/System/Library/PrivateFrameworks/PersistentConnection.framework/Versions/A/PersistentConnection
0x00007fff25f23000 	/System/Library/PrivateFrameworks/ProtocolBuffer.framework/Versions/A/ProtocolBuffer
0x00007fff2616f000 	/System/Library/PrivateFrameworks/CommonUtilities.framework/Versions/A/CommonUtilities
0x00007fff2bc7a000 	/System/Library/PrivateFrameworks/Bom.framework/Versions/A/Bom
0x00007fff2c06d000 	/System/Library/PrivateFrameworks/GPUWrangler.framework/Versions/A/GPUWrangler
0x00007fff2c050000 	/System/Library/PrivateFrameworks/IOPresentment.framework/Versions/A/IOPresentment
0x00007fff2c077000 	/System/Library/PrivateFrameworks/DSExternalDisplay.framework/Versions/A/DSExternalDisplay
0x00007fff2c0d7000 	/System/Library/PrivateFrameworks/CMCaptureCore.framework/Versions/A/CMCaptureCore
0x00007fff2ba00000 	/System/Library/PrivateFrameworks/AppServerSupport.framework/Versions/A/AppServerSupport
0x00007fff2daa4000 	/System/Library/PrivateFrameworks/perfdata.framework/Versions/A/perfdata
0x00007fff29e79000 	/System/Library/PrivateFrameworks/AssertionServices.framework/Versions/A/AssertionServices
0x00007fff2171c000 	/System/Library/PrivateFrameworks/AudioToolboxCore.framework/Versions/A/AudioToolboxCore
0x00007fff28753000 	/System/Library/PrivateFrameworks/caulk.framework/Versions/A/caulk
0x00007fff3cd3e000 	/System/Library/PrivateFrameworks/SystemPolicy.framework/Versions/A/SystemPolicy
0x00007fff2b211000 	/usr/lib/libIOReport.dylib
0x00007fff2d2c6000 	/usr/lib/libSMC.dylib
0x00007fff2bf98000 	/usr/lib/libAudioToolboxUtility.dylib
0x00007fff3d6a3000 	/usr/lib/libmis.dylib
0x00007fff6b7e7000 	/System/Library/Frameworks/OpenGL.framework/Versions/A/Libraries/libGLU.dylib
0x00007fff6b7aa000 	/System/Library/Frameworks/OpenGL.framework/Versions/A/Libraries/libGFXShared.dylib
0x00007fff6b9b9000 	/System/Library/Frameworks/OpenGL.framework/Versions/A/Libraries/libGL.dylib
0x00007fff6b7b3000 	/System/Library/Frameworks/OpenGL.framework/Versions/A/Libraries/libGLImage.dylib
0x00007fff6b7a7000 	/System/Library/Frameworks/OpenGL.framework/Versions/A/Libraries/libCVMSPluginSupport.dylib
0x00007fff6b792000 	/System/Library/Frameworks/OpenGL.framework/Versions/A/Libraries/libCoreVMClient.dylib
0x00007fff6cdfa000 	/System/Library/Frameworks/OpenCL.framework/Versions/A/OpenCL
0x00007fff2b58a000 	/System/Library/PrivateFrameworks/GraphVisualizer.framework/Versions/A/GraphVisualizer
0x00007fff2b599000 	/System/Library/PrivateFrameworks/FaceCore.framework/Versions/A/FaceCore
0x00007fff2b9b5000 	/System/Library/PrivateFrameworks/OTSVG.framework/Versions/A/OTSVG
0x00007fff271c4000 	/System/Library/Frameworks/ApplicationServices.framework/Versions/A/Frameworks/ATS.framework/Versions/A/Resources/libFontRegistry.dylib
0x00007fff2ba07000 	/System/Library/PrivateFrameworks/FontServices.framework/libhvf.dylib
0x00007fff2b3c7000 	/System/Library/PrivateFrameworks/AppleVA.framework/Versions/A/AppleVA
0x00007fff2d10f000 	/System/Library/Frameworks/ApplicationServices.framework/Versions/A/Frameworks/ATS.framework/Versions/A/ATS
0x00007fff2d421000 	/System/Library/Frameworks/ApplicationServices.framework/Versions/A/Frameworks/ColorSyncLegacy.framework/Versions/A/ColorSyncLegacy
0x00007fff256ec000 	/System/Library/Frameworks/ApplicationServices.framework/Versions/A/Frameworks/HIServices.framework/Versions/A/HIServices
0x00007fff2d406000 	/System/Library/Frameworks/ApplicationServices.framework/Versions/A/Frameworks/LangAnalysis.framework/Versions/A/LangAnalysis
0x00007fff2c0e1000 	/System/Library/Frameworks/ApplicationServices.framework/Versions/A/Frameworks/PrintCore.framework/Versions/A/PrintCore
0x00007fff2d429000 	/System/Library/Frameworks/ApplicationServices.framework/Versions/A/Frameworks/QD.framework/Versions/A/QD
0x00007fff2d0ff000 	/System/Library/Frameworks/ApplicationServices.framework/Versions/A/Frameworks/SpeechSynthesis.framework/Versions/A/SpeechSynthesis
0x00007fff2c0a2000 	/System/Library/Frameworks/ApplicationServices.framework/Versions/A/Frameworks/ATSUI.framework/Versions/A/ATSUI
0x00007fff2d3a6000 	/usr/lib/libcups.2.dylib
0x00007fff2d416000 	/System/Library/PrivateFrameworks/NetAuth.framework/Versions/A/NetAuth
0x00007fff2dac0000 	/System/Library/Frameworks/Kerberos.framework/Versions/A/Kerberos
0x00007fff2dad0000 	/System/Library/Frameworks/GSS.framework/Versions/A/GSS
0x00007fff2d17b000 	/usr/lib/libresolv.9.dylib
0x00007fff2ba1c000 	/System/Library/PrivateFrameworks/Heimdal.framework/Versions/A/Heimdal
0x00007fff33837000 	/System/Library/Frameworks/Kerberos.framework/Versions/A/Libraries/libHeimdalProxy.dylib
0x00007fff262db000 	/System/Library/Frameworks/Network.framework/Versions/A/Network
0x00007fff2b435000 	/usr/lib/libheimdal-asn1.dylib
0x00007fff2db20000 	/System/Library/PrivateFrameworks/CommonAuth.framework/Versions/A/CommonAuth
0x00007fff2761a000 	/System/Library/PrivateFrameworks/login.framework/Versions/A/Frameworks/loginsupport.framework/Versions/A/loginsupport
0x00007fff2d084000 	/System/Library/PrivateFrameworks/AudioSession.framework/Versions/A/AudioSession
0x00007fff2d0ec000 	/usr/lib/libAudioStatistics.dylib
0x00007fff2b4c2000 	/System/Library/PrivateFrameworks/MediaExperience.framework/Versions/A/MediaExperience
0x00007fff2cf22000 	/System/Library/PrivateFrameworks/AudioSession.framework/libSessionUtility.dylib
0x00007fff2dab1000 	/usr/lib/libperfcheck.dylib
0x00007fff2d435000 	/System/Library/PrivateFrameworks/AudioResourceArbitration.framework/Versions/A/AudioResourceArbitration
0x00007fff2b43f000 	/System/Library/PrivateFrameworks/IconFoundation.framework/Versions/A/IconFoundation
0x00007fff2ff46000 	/System/Library/PrivateFrameworks/SpeechRecognitionCore.framework/Versions/A/SpeechRecognitionCore
0x000000010d000000 	/Users/Adebas/Library/Java/JavaVirtualMachines/openjdk-15.0.2/Contents/Home/lib/server/libjvm.dylib
0x0000000108d3a000 	/Users/Adebas/Library/Java/JavaVirtualMachines/openjdk-15.0.2/Contents/Home/lib/libjimage.dylib
0x0000000108d54000 	/Users/Adebas/Library/Java/JavaVirtualMachines/openjdk-15.0.2/Contents/Home/lib/libinstrument.dylib
0x0000000108d79000 	/Users/Adebas/Library/Java/JavaVirtualMachines/openjdk-15.0.2/Contents/Home/lib/libjava.dylib
0x00000001346b4000 	/Users/Adebas/Library/Java/JavaVirtualMachines/openjdk-15.0.2/Contents/Home/lib/libzip.dylib
0x00000001346dd000 	/Users/Adebas/Library/Java/JavaVirtualMachines/openjdk-15.0.2/Contents/Home/lib/libnio.dylib
0x000000013470c000 	/Users/Adebas/Library/Java/JavaVirtualMachines/openjdk-15.0.2/Contents/Home/lib/libnet.dylib
0x00000001345f4000 	/Users/Adebas/Library/Java/JavaVirtualMachines/openjdk-15.0.2/Contents/Home/lib/libextnet.dylib
0x0000000134a34000 	/Users/Adebas/Library/Java/JavaVirtualMachines/openjdk-15.0.2/Contents/Home/lib/libawt.dylib
0x0000000134bae000 	/Users/Adebas/Library/Java/JavaVirtualMachines/openjdk-15.0.2/Contents/Home/lib/libmlib_image.dylib
0x00007fff6e81e000 	/System/Library/Frameworks/JavaNativeFoundation.framework/Versions/A/JavaNativeFoundation
0x00007fff6e82a000 	/System/Library/Frameworks/JavaRuntimeSupport.framework/Versions/A/JavaRuntimeSupport
0x00007fff3cac0000 	/System/Library/Frameworks/Carbon.framework/Versions/A/Carbon
0x00007fff31f26000 	/System/Library/PrivateFrameworks/CoreSymbolication.framework/Versions/A/CoreSymbolication
0x00007fff36726000 	/System/Library/Frameworks/Carbon.framework/Versions/A/Frameworks/CommonPanels.framework/Versions/A/CommonPanels
0x00007fff332f6000 	/System/Library/Frameworks/Carbon.framework/Versions/A/Frameworks/Help.framework/Versions/A/Help
0x00007fff3672a000 	/System/Library/Frameworks/Carbon.framework/Versions/A/Frameworks/ImageCapture.framework/Versions/A/ImageCapture
0x00007fff36702000 	/System/Library/Frameworks/Carbon.framework/Versions/A/Frameworks/OpenScripting.framework/Versions/A/OpenScripting
0x00007fff36722000 	/System/Library/Frameworks/Carbon.framework/Versions/A/Frameworks/Ink.framework/Versions/A/Ink
0x00007fff3cabc000 	/System/Library/Frameworks/Carbon.framework/Versions/A/Frameworks/Print.framework/Versions/A/Print
0x00007fff3671e000 	/System/Library/Frameworks/Carbon.framework/Versions/A/Frameworks/SecurityHI.framework/Versions/A/SecurityHI
0x00007fff31ee9000 	/System/Library/PrivateFrameworks/DebugSymbols.framework/Versions/A/DebugSymbols
0x0000000134d07000 	/Users/Adebas/Library/Java/JavaVirtualMachines/openjdk-15.0.2/Contents/Home/lib/libawt_lwawt.dylib
0x0000000134e9b000 	/Users/Adebas/Library/Java/JavaVirtualMachines/openjdk-15.0.2/Contents/Home/lib/libosxapp.dylib
0x00007fff3c148000 	/System/Library/Frameworks/ExceptionHandling.framework/Versions/A/ExceptionHandling


VM Arguments:
jvm_args: -javaagent:/Applications/IntelliJ IDEA CE.app/Contents/lib/idea_rt.jar=61170:/Applications/IntelliJ IDEA CE.app/Contents/bin -Dfile.encoding=UTF-8 
java_command: Main
java_class_path (initial): /Users/Adebas/IdeaProjects/Matxt/out/test/Matxt:/Users/Adebas/IdeaProjects/Matxt/out/production/Matxt:/Users/Adebas/IdeaProjects/Matxt/lib/JML.jar:/Users/Adebas/IdeaProjects/Matxt/lib/jcodec-0.2.5.jar:/Users/Adebas/IdeaProjects/Matxt/lib/jcodec-javase-0.2.5.jar:/Users/Adebas/IdeaProjects/Matxt/lib/jlatexmath-1.0.7.jar:/Users/Adebas/IdeaProjects/Matxt/lib/jlatexmath-font-greek-1.0.7.jar:/Users/Adebas/IdeaProjects/Matxt/lib/jlatexmath-font-cyrillic-1.0.7.jar
Launcher Type: SUN_STANDARD

[Global flags]
     intx CICompilerCount                          = 4                                         {product} {ergonomic}
     uint ConcGCThreads                            = 2                                         {product} {ergonomic}
     uint G1ConcRefinementThreads                  = 8                                         {product} {ergonomic}
   size_t G1HeapRegionSize                         = 2097152                                   {product} {ergonomic}
    uintx GCDrainStackTargetSize                   = 64                                        {product} {ergonomic}
   size_t InitialHeapSize                          = 268435456                                 {product} {ergonomic}
   size_t MarkStackSize                            = 4194304                                   {product} {ergonomic}
   size_t MaxHeapSize                              = 4294967296                                {product} {ergonomic}
   size_t MaxNewSize                               = 2575302656                                {product} {ergonomic}
   size_t MinHeapDeltaBytes                        = 2097152                                   {product} {ergonomic}
   size_t MinHeapSize                              = 8388608                                   {product} {ergonomic}
    uintx NonNMethodCodeHeapSize                   = 5839372                                {pd product} {ergonomic}
    uintx NonProfiledCodeHeapSize                  = 122909434                              {pd product} {ergonomic}
    uintx ProfiledCodeHeapSize                     = 122909434                              {pd product} {ergonomic}
    uintx ReservedCodeCacheSize                    = 251658240                              {pd product} {ergonomic}
     bool SegmentedCodeCache                       = true                                      {product} {ergonomic}
   size_t SoftMaxHeapSize                          = 4294967296                             {manageable} {ergonomic}
     bool UseCompressedClassPointers               = true                                 {lp64_product} {ergonomic}
     bool UseCompressedOops                        = true                                 {lp64_product} {ergonomic}
     bool UseG1GC                                  = true                                      {product} {ergonomic}
     bool UseNUMA                                  = false                                     {product} {ergonomic}
     bool UseNUMAInterleaving                      = false                                     {product} {ergonomic}

Logging:
Log output configuration:
 #0: stdout all=warning uptime,level,tags
 #1: stderr all=off uptime,level,tags

Environment Variables:
JAVA_HOME=/Library/Java/JavaVirtualMachines/jdk1.8.0_92.jdk/Contents/Home
PATH=/Library/Frameworks/Python.framework/Versions/3.9/bin:/Library/Frameworks/Python.framework/Versions/3.7/bin:/Library/Frameworks/Python.framework/Versions/3.6/bin:/Library/Frameworks/Python.framework/Versions/2.7/bin:/Applications/rar:/usr/local/bin:/usr/bin:/bin:/usr/sbin:/sbin:/Library/Apple/usr/bin:/Library/Apple/bin:/Library/TeX/texbin:/Library/Frameworks/Mono.framework/Versions/Current/Commands
SHELL=/bin/bash
LC_CTYPE=es_ES.UTF-8

Signal Handlers:
SIGSEGV: [libjvm.dylib+0xa01020], sa_mask[0]=11111111111111111111111111111111, sa_flags=SA_ONSTACK|SA_RESTART|SA_SIGINFO
SIGBUS: [libjvm.dylib+0xa01020], sa_mask[0]=11111111111111111111111111111111, sa_flags=SA_RESTART|SA_SIGINFO
SIGFPE: [libjvm.dylib+0xa01020], sa_mask[0]=11111111111111111111111111111111, sa_flags=SA_RESTART|SA_SIGINFO
SIGPIPE: [libjvm.dylib+0x82c500], sa_mask[0]=11111111111111111111111111111111, sa_flags=SA_RESTART|SA_SIGINFO
SIGXFSZ: [libjvm.dylib+0x82c500], sa_mask[0]=11111111111111111111111111111111, sa_flags=SA_RESTART|SA_SIGINFO
SIGILL: [libjvm.dylib+0xa01020], sa_mask[0]=11111111111111111111111111111111, sa_flags=SA_RESTART|SA_SIGINFO
SIGUSR2: [libjvm.dylib+0x82d010], sa_mask[0]=00100000000000000000000000000000, sa_flags=SA_RESTART|SA_SIGINFO
SIGHUP: [libjvm.dylib+0x82b710], sa_mask[0]=11111111111111111111111111111111, sa_flags=SA_RESTART|SA_SIGINFO
SIGINT: [libjvm.dylib+0x82b710], sa_mask[0]=11111111111111111111111111111111, sa_flags=SA_RESTART|SA_SIGINFO
SIGTERM: [libjvm.dylib+0x82b710], sa_mask[0]=11111111111111111111111111111111, sa_flags=SA_RESTART|SA_SIGINFO
SIGQUIT: [libjvm.dylib+0x82b710], sa_mask[0]=11111111111111111111111111111111, sa_flags=SA_RESTART|SA_SIGINFO


---------------  S Y S T E M  ---------------

OS:uname: Darwin 20.1.0 Darwin Kernel Version 20.1.0: Sat Oct 31 00:07:10 PDT 2020; root:xnu-7195.50.7~2/RELEASE_ARM64_T8101 x86_64
OS uptime: 15 days 11:31 hours
rlimit (soft/hard): STACK 8176k/65520k , CORE 0k/infinity , NPROC 2666/4000 , NOFILE 10240/infinity , AS infinity/infinity , CPU infinity/infinity , DATA infinity/infinity , FSIZE infinity/infinity , MEMLOCK infinity/infinity , RSS infinity/infinity
load average: 2.63 2.18 2.12

CPU: total 8 (initial active 8) (1 cores per cpu, 1 threads per core) family 6 model 44 stepping 0 microcode 0x0, cmov, cx8, fxsr, mmx, sse, sse2, sse3, ssse3, sse4.1, sse4.2, popcnt, aes, clmul, tsc, tscinvbit, tscinv, clflush

Memory: 4k page, physical 16777216k(305032k free), swap 5242880k(468992k free)

vm_info: OpenJDK 64-Bit Server VM (15.0.2+7-27) for bsd-amd64 JRE (15.0.2+7-27), built on Dec  7 2020 20:01:12 by "mach5one" with clang 4.2.1 Compatible Apple LLVM 10.0.0 (clang-1000.11.45.5)

END.
